  Renderer.cpp
C:\Shader_Programming\Shader_Programming\SimpleGame\Renderer.cpp(162,21): warning C4267: '=': 'size_t'에서 'GLint'(으)로 변환하면서 데이터가 손실될 수 있습니다.
  (소스 파일 '/Renderer.cpp'을(를) 컴파일하는 중)
  
C:\Shader_Programming\Shader_Programming\SimpleGame\Renderer.cpp(554,56): warning C4244: '인수': 'GLuint'에서 'GLfloat'(으)로 변환하면서 데이터가 손실될 수 있습니다.
  (소스 파일 '/Renderer.cpp'을(를) 컴파일하는 중)
  
C:\Shader_Programming\Shader_Programming\SimpleGame\Renderer.cpp(555,56): warning C4244: '인수': 'GLuint'에서 'GLfloat'(으)로 변환하면서 데이터가 손실될 수 있습니다.
  (소스 파일 '/Renderer.cpp'을(를) 컴파일하는 중)
  
C:\Shader_Programming\Shader_Programming\SimpleGame\Renderer.cpp(615,25): warning C4305: '+=': 'double'에서 'float'(으)로 잘립니다.
  (소스 파일 '/Renderer.cpp'을(를) 컴파일하는 중)
  
C:\Shader_Programming\Shader_Programming\SimpleGame\Renderer.cpp(643,25): warning C4305: '+=': 'double'에서 'float'(으)로 잘립니다.
  (소스 파일 '/Renderer.cpp'을(를) 컴파일하는 중)
  
C:\Shader_Programming\Shader_Programming\SimpleGame\Renderer.cpp(727,26): warning C4305: '+=': 'double'에서 'float'(으)로 잘립니다.
  (소스 파일 '/Renderer.cpp'을(를) 컴파일하는 중)
  
C:\Shader_Programming\Shader_Programming\SimpleGame\Renderer.cpp(755,25): warning C4305: '+=': 'double'에서 'float'(으)로 잘립니다.
  (소스 파일 '/Renderer.cpp'을(를) 컴파일하는 중)
  
C:\Shader_Programming\Shader_Programming\SimpleGame\Renderer.cpp(783,31): warning C4305: '+=': 'double'에서 'float'(으)로 잘립니다.
  (소스 파일 '/Renderer.cpp'을(를) 컴파일하는 중)
  
C:\Shader_Programming\Shader_Programming\SimpleGame\Renderer.cpp(860,85): warning C4244: '인수': 'unsigned int'에서 'float'(으)로 변환하면서 데이터가 손실될 수 있습니다.
  (소스 파일 '/Renderer.cpp'을(를) 컴파일하는 중)
  
C:\Shader_Programming\Shader_Programming\SimpleGame\Renderer.cpp(860,66): warning C4244: '인수': 'unsigned int'에서 'float'(으)로 변환하면서 데이터가 손실될 수 있습니다.
  (소스 파일 '/Renderer.cpp'을(를) 컴파일하는 중)
  
C:\Shader_Programming\Shader_Programming\SimpleGame\Renderer.cpp(860,47): warning C4244: '인수': 'unsigned int'에서 'float'(으)로 변환하면서 데이터가 손실될 수 있습니다.
  (소스 파일 '/Renderer.cpp'을(를) 컴파일하는 중)
  
C:\Shader_Programming\Shader_Programming\SimpleGame\Renderer.cpp(860,28): warning C4244: '인수': 'unsigned int'에서 'float'(으)로 변환하면서 데이터가 손실될 수 있습니다.
  (소스 파일 '/Renderer.cpp'을(를) 컴파일하는 중)
  
  SimpleGame.cpp
  코드를 생성하고 있습니다...
  SimpleGame.vcxproj -> C:\Shader_Programming\Shader_Programming\x64\Debug\SimpleGame.exe
